<?xml version="1.0" encoding="UTF-8"?>
<!-- Generated by org.testng.reporters.JUnitXMLReporter -->
<testsuite ignored="0" hostname="RajkumarCompute" failures="1" tests="5" name="Test" time="68.718" errors="0" timestamp="2026-05-27T15:21:36 EDT">
  <testcase classname="testCases.TC001_AccountRegistration" name="register_account" time="7.462"/>
  <testcase classname="testCases.TC002_AccountLogin" name="verify_Login" time="4.827"/>
  <testcase classname="testCases.TC003_AccountLogin_DataDriven" name="verify_Login" time="3.65"/>
  <testcase classname="testCases.TC003_AccountLogin_DataDriven" name="verify_Login" time="32.745">
    <failure type="java.lang.AssertionError" message="null">
      <![CDATA[java.lang.AssertionError: null
at testCases.TC003_AccountLogin_DataDriven.verify_Login(TC003_AccountLogin_DataDriven.java:51)
at java.base/java.util.ArrayList.forEach(ArrayList.java:1604)
... Removed 31 stack frames]]>
    </failure>
  </testcase> <!-- verify_Login -->
  <testcase classname="testCases.TC003_AccountLogin_DataDriven" name="verify_Login" time="4.01"/>
</testsuite> <!-- Test -->
