<?xml version="1.0" encoding="UTF-8"?>
<!-- Generated by org.testng.reporters.JUnitXMLReporter -->
<testsuite ignored="0" hostname="RajkumarCompute" failures="1" tests="1" name="Test(failed)" time="41.969" errors="0" timestamp="2026-05-26T20:36:13 EDT">
  <testcase classname="testCases.TC003_AccountLogin_DataDriven" name="verify_Login" time="34.765">
    <failure type="java.lang.AssertionError" message="null">
      <![CDATA[java.lang.AssertionError: null
at testCases.TC003_AccountLogin_DataDriven.verify_Login(TC003_AccountLogin_DataDriven.java:51)
at java.base/java.util.ArrayList.forEach(ArrayList.java:1596)
... Removed 27 stack frames]]>
    </failure>
  </testcase> <!-- verify_Login -->
</testsuite> <!-- Test(failed) -->
