<?xml version="1.0" encoding="UTF-8"?>
<testsuite xmlns:xsi="http://www.w3.org/2001/XMLSchema-instance" xsi:noNamespaceSchemaLocation="https://maven.apache.org/surefire/maven-surefire-plugin/xsd/surefire-test-report.xsd" version="3.0.2" name="TestSuite" time="69.62" tests="5" errors="0" skipped="0" failures="1" flakes="0">
  <properties>
[...]
</properties>
  <testcase name="register_account" classname="testCases.TC001_AccountRegistration" time="7.485">
    <system-out><![CDATA[2026-05-27 15:20:27.097 [main] DEBUG org.testng.TestNG - suiteXmlPath: "C:\Users\rajku\eclipse-workspace\FrameworkProject\master.xml"
Test Execution started..
Test Method Execution satrted..
2026-05-27 15:20:32.251 [main] INFO  testCases.TC001_AccountRegistration - *****TC001_AccountRegistration test started
2026-05-27 15:20:35.205 [main] INFO  testCases.TC001_AccountRegistration - **Clicked on MyAccount -> Register
2026-05-27 15:20:37.665 [main] INFO  testCases.TC001_AccountRegistration - **Clicked on Contine button
2026-05-27 15:20:37.665 [main] INFO  testCases.TC001_AccountRegistration - **Validating Expected message
2026-05-27 15:20:39.709 [main] INFO  testCases.TC001_AccountRegistration - *** Test Execution completed***
Test Method Execution Passed..
]]></system-out>
  </testcase>
  <testcase name="verify_Login" classname="testCases.TC002_AccountLogin" time="4.83">
    <system-out><![CDATA[Test Method Execution satrted..
2026-05-27 15:20:45.300 [main] INFO  testCases.TC002_AccountLogin - *****TC001_AccountLogin test started
2026-05-27 15:20:47.872 [main] INFO  testCases.TC002_AccountLogin - **Clicked on MyAccount -> Login
2026-05-27 15:20:48.051 [main] INFO  testCases.TC002_AccountLogin - **Clicked on Login button
2026-05-27 15:20:48.051 [main] INFO  testCases.TC002_AccountLogin - **Validating Expected message
2026-05-27 15:20:50.127 [main] INFO  testCases.TC002_AccountLogin - *** Test Execution completed***
Test Method Execution Passed..
]]></system-out>
    <system-err><![CDATA[May 27, 2026 3:20:39 PM org.openqa.selenium.remote.http.WebSocket$Listener onError
WARNING: Connection reset
java.net.SocketException: Connection reset
	at java.base/sun.nio.ch.SocketChannelImpl.throwConnectionReset(SocketChannelImpl.java:399)
	at java.base/sun.nio.ch.SocketChannelImpl.implRead(SocketChannelImpl.java:431)
	at java.base/sun.nio.ch.SocketChannelImpl.read(SocketChannelImpl.java:489)
	at java.net.http/jdk.internal.net.http.SocketTube.readAvailable(SocketTube.java:1215)
	at java.net.http/jdk.internal.net.http.SocketTube$InternalReadPublisher$InternalReadSubscription.read(SocketTube.java:871)
	at java.net.http/jdk.internal.net.http.SocketTube$SocketFlowTask.run(SocketTube.java:181)
	at java.net.http/jdk.internal.net.http.common.SequentialScheduler$SchedulableTask.run(SequentialScheduler.java:207)
	at java.net.http/jdk.internal.net.http.common.SequentialScheduler.runOrSchedule(SequentialScheduler.java:280)
	at java.net.http/jdk.internal.net.http.common.SequentialScheduler.runOrSchedule(SequentialScheduler.java:233)
	at java.net.http/jdk.internal.net.http.SocketTube$InternalReadPublisher$InternalReadSubscription.signalReadable(SocketTube.java:812)
	at java.net.http/jdk.internal.net.http.SocketTube$InternalReadPublisher$ReadEvent.signalEvent(SocketTube.java:1002)
	at java.net.http/jdk.internal.net.http.SocketTube$SocketFlowEvent.handle(SocketTube.java:253)
	at java.net.http/jdk.internal.net.http.HttpClientImpl$SelectorManager.handleEvent(HttpClientImpl.java:1439)
	at java.net.http/jdk.internal.net.http.HttpClientImpl$SelectorManager.lambda$run$3(HttpClientImpl.java:1384)
	at java.base/java.util.ArrayList.forEach(ArrayList.java:1604)
	at java.net.http/jdk.internal.net.http.HttpClientImpl$SelectorManager.run(HttpClientImpl.java:1384)

]]></system-err>
  </testcase>
  <testcase name="verify_Login[apple.orange@gmail.com, pass123, valid](1)" classname="testCases.TC003_AccountLogin_DataDriven" time="3.65">
    <system-out><![CDATA[2026-05-27 15:20:54.848 [main] DEBUG org.apache.poi.openxml4j.opc.PackageRelationshipCollection - Parsing relationship: /xl/_rels/workbook.xml.rels
2026-05-27 15:20:54.848 [main] DEBUG org.apache.poi.openxml4j.opc.PackageRelationshipCollection - Parsing relationship: /xl/worksheets/_rels/sheet1.xml.rels
2026-05-27 15:20:54.864 [main] DEBUG org.apache.poi.openxml4j.opc.PackageRelationshipCollection - Parsing relationship: /_rels/.rels
2026-05-27 15:20:55.237 [main] DEBUG org.apache.poi.ooxml.POIXMLFactory - using default POIXMLDocumentPart for http://schemas.openxmlformats.org/officeDocument/2006/relationships/printerSettings
Test Method Execution satrted..
2026-05-27 15:20:55.339 [main] INFO  testCases.TC003_AccountLogin_DataDriven - *****TC001_AccountLogin test started
2026-05-27 15:20:55.921 [main] INFO  testCases.TC003_AccountLogin_DataDriven - **Clicked on MyAccount -> Login
2026-05-27 15:20:56.106 [main] INFO  testCases.TC003_AccountLogin_DataDriven - **Clicked on Login button
2026-05-27 15:20:56.106 [main] INFO  testCases.TC003_AccountLogin_DataDriven - **Validating Expected message
2026-05-27 15:20:58.987 [main] INFO  testCases.TC003_AccountLogin_DataDriven - *** Test Execution completed***
Test Method Execution Passed..
]]></system-out>
  </testcase>
  <testcase name="verify_Login[apple.orange@gmail.com, pass12345, valid](2)" classname="testCases.TC003_AccountLogin_DataDriven" time="32.887">
    <failure message="null" type="java.lang.AssertionError"><![CDATA[java.lang.AssertionError: null
	at org.testng.Assert.fail(Assert.java:111)
	at org.testng.Assert.fail(Assert.java:116)
	at testCases.TC003_AccountLogin_DataDriven.verify_Login(TC003_AccountLogin_DataDriven.java:51)
	at java.base/jdk.internal.reflect.DirectMethodHandleAccessor.invoke(DirectMethodHandleAccessor.java:104)
	at java.base/java.lang.reflect.Method.invoke(Method.java:565)
	at org.testng.internal.invokers.MethodInvocationHelper.invokeMethod(MethodInvocationHelper.java:141)
	at org.testng.internal.invokers.TestInvoker.invokeMethod(TestInvoker.java:697)
	at org.testng.internal.invokers.TestInvoker.invokeTestMethod(TestInvoker.java:230)
	at org.testng.internal.invokers.MethodRunner.runInSequence(MethodRunner.java:63)
	at org.testng.internal.invokers.TestInvoker$MethodInvocationAgent.invoke(TestInvoker.java:1005)
	at org.testng.internal.invokers.TestInvoker.invokeTestMethods(TestInvoker.java:203)
	at org.testng.internal.invokers.TestMethodWorker.invokeTestMethods(TestMethodWorker.java:154)
	at org.testng.internal.invokers.TestMethodWorker.run(TestMethodWorker.java:134)
	at java.base/java.util.ArrayList.forEach(ArrayList.java:1604)
	at org.testng.TestRunner.privateRun(TestRunner.java:744)
	at org.testng.TestRunner.run(TestRunner.java:616)
	at org.testng.SuiteRunner.runTest(SuiteRunner.java:421)
	at org.testng.SuiteRunner.runSequentially(SuiteRunner.java:413)
	at org.testng.SuiteRunner.privateRun(SuiteRunner.java:373)
	at org.testng.SuiteRunner.run(SuiteRunner.java:312)
	at org.testng.SuiteRunnerWorker.runSuite(SuiteRunnerWorker.java:52)
	at org.testng.SuiteRunnerWorker.run(SuiteRunnerWorker.java:95)
	at org.testng.TestNG.runSuitesSequentially(TestNG.java:1274)
	at org.testng.TestNG.runSuitesLocally(TestNG.java:1208)
	at org.testng.TestNG.runSuites(TestNG.java:1112)
	at org.testng.TestNG.run(TestNG.java:1079)
	at org.apache.maven.surefire.testng.TestNGExecutor.run(TestNGExecutor.java:308)
	at org.apache.maven.surefire.testng.TestNGXmlTestSuite.execute(TestNGXmlTestSuite.java:71)
	at org.apache.maven.surefire.testng.TestNGProvider.invoke(TestNGProvider.java:113)
	at org.apache.maven.surefire.booter.ForkedBooter.runSuitesInProcess(ForkedBooter.java:385)
	at org.apache.maven.surefire.booter.ForkedBooter.execute(ForkedBooter.java:162)
	at org.apache.maven.surefire.booter.ForkedBooter.run(ForkedBooter.java:507)
	at org.apache.maven.surefire.booter.ForkedBooter.main(ForkedBooter.java:495)
]]></failure>
    <system-out><![CDATA[Test Method Execution satrted..
2026-05-27 15:20:58.989 [main] INFO  testCases.TC003_AccountLogin_DataDriven - *****TC001_AccountLogin test started
2026-05-27 15:20:59.499 [main] INFO  testCases.TC003_AccountLogin_DataDriven - **Clicked on MyAccount -> Login
2026-05-27 15:20:59.650 [main] INFO  testCases.TC003_AccountLogin_DataDriven - **Clicked on Login button
2026-05-27 15:20:59.650 [main] INFO  testCases.TC003_AccountLogin_DataDriven - **Validating Expected message
Test Method Execution Failed..
]]></system-out>
  </testcase>
  <testcase name="verify_Login[apple.orange@gmail.com, pass123, valid](3)" classname="testCases.TC003_AccountLogin_DataDriven" time="4.009">
    <system-out><![CDATA[Test Method Execution satrted..
2026-05-27 15:21:31.876 [main] INFO  testCases.TC003_AccountLogin_DataDriven - *****TC001_AccountLogin test started
2026-05-27 15:21:32.855 [main] INFO  testCases.TC003_AccountLogin_DataDriven - **Clicked on MyAccount -> Login
2026-05-27 15:21:33.014 [main] INFO  testCases.TC003_AccountLogin_DataDriven - **Clicked on Login button
2026-05-27 15:21:33.014 [main] INFO  testCases.TC003_AccountLogin_DataDriven - **Validating Expected message
2026-05-27 15:21:35.886 [main] INFO  testCases.TC003_AccountLogin_DataDriven - *** Test Execution completed***
Test Method Execution Passed..
]]></system-out>
  </testcase>
</testsuite>