<?xml version="1.0" encoding="UTF-8"?>
<testng-results ignored="0" total="5" passed="4" failed="1" skipped="0">
  <reporter-output>
  </reporter-output>
  <suite started-at="2026-05-27T15:20:27 EDT" name="Suite" finished-at="2026-05-27T15:21:35 EDT" duration-ms="68718">
    <groups>
      <group name="Master">
        <method signature="TC002_AccountLogin.verify_Login()[pri:0, instance:testCases.TC002_AccountLogin@4f6f416f]" name="verify_Login" class="testCases.TC002_AccountLogin"/>
      </group> <!-- Master -->
      <group name="DDT">
        <method signature="TC003_AccountLogin_DataDriven.verify_Login(java.lang.String,java.lang.String,java.lang.String)[pri:0, instance:testCases.TC003_AccountLogin_DataDriven@3b8f0a79]" name="verify_Login" class="testCases.TC003_AccountLogin_DataDriven"/>
      </group> <!-- DDT -->
      <group name="Regression">
        <method signature="TC002_AccountLogin.verify_Login()[pri:0, instance:testCases.TC002_AccountLogin@4f6f416f]" name="verify_Login" class="testCases.TC002_AccountLogin"/>
      </group> <!-- Regression -->
      <group name="Smoke">
        <method signature="TC001_AccountRegistration.register_account()[pri:0, instance:testCases.TC001_AccountRegistration@6c0d7c83]" name="register_account" class="testCases.TC001_AccountRegistration"/>
      </group> <!-- Smoke -->
    </groups>
    <test started-at="2026-05-27T15:20:27 EDT" name="Test" finished-at="2026-05-27T15:21:35 EDT" duration-ms="68718">
      <class name="testCases.TC001_AccountRegistration">
        <test-method is-config="true" signature="setup(java.lang.String,java.lang.String)[pri:0, instance:testCases.TC001_AccountRegistration@6c0d7c83]" started-at="2026-05-27T15:20:27 EDT" name="setup" finished-at="2026-05-27T15:20:32 EDT" duration-ms="4844" status="PASS">
          <params>
            <param index="0">
              <value>
                <![CDATA[windows]]>
              </value>
            </param>
            <param index="1">
              <value>
                <![CDATA[chrome]]>
              </value>
            </param>
          </params>
          <reporter-output>
          </reporter-output>
        </test-method> <!-- setup -->
        <test-method signature="register_account()[pri:0, instance:testCases.TC001_AccountRegistration@6c0d7c83]" started-at="2026-05-27T15:20:32 EDT" name="register_account" finished-at="2026-05-27T15:20:39 EDT" duration-ms="7462" status="PASS">
          <reporter-output>
          </reporter-output>
        </test-method> <!-- register_account -->
        <test-method is-config="true" signature="tearDown()[pri:0, instance:testCases.TC001_AccountRegistration@6c0d7c83]" started-at="2026-05-27T15:20:39 EDT" name="tearDown" finished-at="2026-05-27T15:20:39 EDT" duration-ms="91" status="PASS">
          <reporter-output>
          </reporter-output>
        </test-method> <!-- tearDown -->
      </class> <!-- testCases.TC001_AccountRegistration -->
      <class name="testCases.TC003_AccountLogin_DataDriven">
        <test-method is-config="true" signature="setup(java.lang.String,java.lang.String)[pri:0, instance:testCases.TC003_AccountLogin_DataDriven@3b8f0a79]" started-at="2026-05-27T15:20:50 EDT" name="setup" finished-at="2026-05-27T15:20:54 EDT" duration-ms="4478" status="PASS">
          <params>
            <param index="0">
              <value>
                <![CDATA[windows]]>
              </value>
            </param>
            <param index="1">
              <value>
                <![CDATA[chrome]]>
              </value>
            </param>
          </params>
          <reporter-output>
          </reporter-output>
        </test-method> <!-- setup -->
        <test-method signature="verify_Login(java.lang.String,java.lang.String,java.lang.String)[pri:0, instance:testCases.TC003_AccountLogin_DataDriven@3b8f0a79]" started-at="2026-05-27T15:20:55 EDT" name="verify_Login" data-provider="loginData" finished-at="2026-05-27T15:20:58 EDT" duration-ms="3650" status="PASS">
          <params>
            <param index="0">
              <value>
                <![CDATA[apple.orange@gmail.com]]>
              </value>
            </param>
            <param index="1">
              <value>
                <![CDATA[pass123]]>
              </value>
            </param>
            <param index="2">
              <value>
                <![CDATA[valid]]>
              </value>
            </param>
          </params>
          <reporter-output>
          </reporter-output>
        </test-method> <!-- verify_Login -->
        <test-method signature="verify_Login(java.lang.String,java.lang.String,java.lang.String)[pri:0, instance:testCases.TC003_AccountLogin_DataDriven@3b8f0a79]" started-at="2026-05-27T15:20:58 EDT" name="verify_Login" data-provider="loginData" finished-at="2026-05-27T15:21:31 EDT" duration-ms="32745" status="FAIL">
          <params>
            <param index="0">
              <value>
                <![CDATA[apple.orange@gmail.com]]>
              </value>
            </param>
            <param index="1">
              <value>
                <![CDATA[pass12345]]>
              </value>
            </param>
            <param index="2">
              <value>
                <![CDATA[valid]]>
              </value>
            </param>
          </params>
          <exception class="java.lang.AssertionError">
            <message>
              <![CDATA[null]]>
            </message>
            <full-stacktrace>
              <![CDATA[java.lang.AssertionError: null
at org.testng.Assert.fail(Assert.java:111)
at org.testng.Assert.fail(Assert.java:116)
at testCases.TC003_AccountLogin_DataDriven.verify_Login(TC003_AccountLogin_DataDriven.java:51)
at java.base/jdk.internal.reflect.DirectMethodHandleAccessor.invoke(DirectMethodHandleAccessor.java:104)
at java.base/java.lang.reflect.Method.invoke(Method.java:565)
at org.testng.internal.invokers.MethodInvocationHelper.invokeMethod(MethodInvocationHelper.java:141)
at org.testng.internal.invokers.TestInvoker.invokeMethod(TestInvoker.java:697)
at org.testng.internal.invokers.TestInvoker.invokeTestMethod(TestInvoker.java:230)
at org.testng.internal.invokers.MethodRunner.runInSequence(MethodRunner.java:63)
at org.testng.internal.invokers.TestInvoker$MethodInvocationAgent.invoke(TestInvoker.java:1005)
at org.testng.internal.invokers.TestInvoker.invokeTestMethods(TestInvoker.java:203)
at org.testng.internal.invokers.TestMethodWorker.invokeTestMethods(TestMethodWorker.java:154)
at org.testng.internal.invokers.TestMethodWorker.run(TestMethodWorker.java:134)
at java.base/java.util.ArrayList.forEach(ArrayList.java:1604)
at org.testng.TestRunner.privateRun(TestRunner.java:744)
at org.testng.TestRunner.run(TestRunner.java:616)
at org.testng.SuiteRunner.runTest(SuiteRunner.java:421)
at org.testng.SuiteRunner.runSequentially(SuiteRunner.java:413)
at org.testng.SuiteRunner.privateRun(SuiteRunner.java:373)
at org.testng.SuiteRunner.run(SuiteRunner.java:312)
at org.testng.SuiteRunnerWorker.runSuite(SuiteRunnerWorker.java:52)
at org.testng.SuiteRunnerWorker.run(SuiteRunnerWorker.java:95)
at org.testng.TestNG.runSuitesSequentially(TestNG.java:1274)
at org.testng.TestNG.runSuitesLocally(TestNG.java:1208)
at org.testng.TestNG.runSuites(TestNG.java:1112)
at org.testng.TestNG.run(TestNG.java:1079)
at org.apache.maven.surefire.testng.TestNGExecutor.run(TestNGExecutor.java:308)
at org.apache.maven.surefire.testng.TestNGXmlTestSuite.execute(TestNGXmlTestSuite.java:71)
at org.apache.maven.surefire.testng.TestNGProvider.invoke(TestNGProvider.java:113)
at org.apache.maven.surefire.booter.ForkedBooter.runSuitesInProcess(ForkedBooter.java:385)
at org.apache.maven.surefire.booter.ForkedBooter.execute(ForkedBooter.java:162)
at org.apache.maven.surefire.booter.ForkedBooter.run(ForkedBooter.java:507)
at org.apache.maven.surefire.booter.ForkedBooter.main(ForkedBooter.java:495)
]]>
            </full-stacktrace>
          </exception> <!-- java.lang.AssertionError -->
          <reporter-output>
          </reporter-output>
        </test-method> <!-- verify_Login -->
        <test-method signature="verify_Login(java.lang.String,java.lang.String,java.lang.String)[pri:0, instance:testCases.TC003_AccountLogin_DataDriven@3b8f0a79]" started-at="2026-05-27T15:21:31 EDT" name="verify_Login" data-provider="loginData" finished-at="2026-05-27T15:21:35 EDT" duration-ms="4010" status="PASS">
          <params>
            <param index="0">
              <value>
                <![CDATA[apple.orange@gmail.com]]>
              </value>
            </param>
            <param index="1">
              <value>
                <![CDATA[pass123]]>
              </value>
            </param>
            <param index="2">
              <value>
                <![CDATA[valid]]>
              </value>
            </param>
          </params>
          <reporter-output>
          </reporter-output>
        </test-method> <!-- verify_Login -->
        <test-method is-config="true" signature="tearDown()[pri:0, instance:testCases.TC003_AccountLogin_DataDriven@3b8f0a79]" started-at="2026-05-27T15:21:35 EDT" name="tearDown" finished-at="2026-05-27T15:21:35 EDT" duration-ms="97" status="PASS">
          <reporter-output>
          </reporter-output>
        </test-method> <!-- tearDown -->
      </class> <!-- testCases.TC003_AccountLogin_DataDriven -->
      <class name="testCases.TC002_AccountLogin">
        <test-method is-config="true" signature="setup(java.lang.String,java.lang.String)[pri:0, instance:testCases.TC002_AccountLogin@4f6f416f]" started-at="2026-05-27T15:20:39 EDT" name="setup" finished-at="2026-05-27T15:20:45 EDT" duration-ms="5470" status="PASS">
          <params>
            <param index="0">
              <value>
                <![CDATA[windows]]>
              </value>
            </param>
            <param index="1">
              <value>
                <![CDATA[chrome]]>
              </value>
            </param>
          </params>
          <reporter-output>
          </reporter-output>
        </test-method> <!-- setup -->
        <test-method signature="verify_Login()[pri:0, instance:testCases.TC002_AccountLogin@4f6f416f]" started-at="2026-05-27T15:20:45 EDT" name="verify_Login" finished-at="2026-05-27T15:20:50 EDT" duration-ms="4827" status="PASS">
          <reporter-output>
          </reporter-output>
        </test-method> <!-- verify_Login -->
        <test-method is-config="true" signature="tearDown()[pri:0, instance:testCases.TC002_AccountLogin@4f6f416f]" started-at="2026-05-27T15:20:50 EDT" name="tearDown" finished-at="2026-05-27T15:20:50 EDT" duration-ms="111" status="PASS">
          <reporter-output>
          </reporter-output>
        </test-method> <!-- tearDown -->
      </class> <!-- testCases.TC002_AccountLogin -->
    </test> <!-- Test -->
  </suite> <!-- Suite -->
</testng-results>
