<?xml version="1.0" encoding="UTF-8"?>
<!-- Generated by org.testng.reporters.JUnitReportReporter -->
<testsuite hostname="RajkumarCompute" failures="0" tests="4" name="testCases.TC001_AccountRegistration" time="0.880" errors="2" timestamp="2026-05-27T14:39:31 EDT" skipped="2">
  <testcase classname="testCases.TC001_AccountRegistration" name="register_account" time="0.000">
    <skipped/>
  </testcase> <!-- register_account -->
  <testcase classname="testCases.TC001_AccountRegistration" name="setup" time="0.440">
    <error message="Could not start a new session. Possible causes are invalid address of the remote server or browser start-up failure. null 
Host info: host: &#039;RAJKUMARCOMPUTE&#039;, ip: &#039;192.168.0.102&#039;
Build info: version: &#039;4.44.0&#039;, revision: &#039;da2039b&#039;
System info: os.name: &#039;Windows 11&#039;, os.arch: &#039;amd64&#039;, os.version: &#039;10.0&#039;, java.version: &#039;21.0.10&#039;
Driver info: org.openqa.selenium.remote.RemoteWebDriver
Command: [null, newSession {capabilities=[Capabilities {browserName: chrome, platformName: Windows 11}]}]
Capabilities {browserName: chrome, platformName: Windows 11}" type="org.openqa.selenium.SessionNotCreatedException">
      <![CDATA[org.openqa.selenium.SessionNotCreatedException: Could not start a new session. Possible causes are invalid address of the remote server or browser start-up failure. null 
Host info: host: 'RAJKUMARCOMPUTE', ip: '192.168.0.102'
Build info: version: '4.44.0', revision: 'da2039b'
System info: os.name: 'Windows 11', os.arch: 'amd64', os.version: '10.0', java.version: '21.0.10'
Driver info: org.openqa.selenium.remote.RemoteWebDriver
Command: [null, newSession {capabilities=[Capabilities {browserName: chrome, platformName: Windows 11}]}]
Capabilities {browserName: chrome, platformName: Windows 11}
at org.openqa.selenium.remote.RemoteWebDriver.execute(RemoteWebDriver.java:621)
at org.openqa.selenium.remote.RemoteWebDriver.startSession(RemoteWebDriver.java:284)
at org.openqa.selenium.remote.RemoteWebDriver.<init>(RemoteWebDriver.java:217)
at org.openqa.selenium.remote.RemoteWebDriver.<init>(RemoteWebDriver.java:176)
at org.openqa.selenium.remote.RemoteWebDriver.<init>(RemoteWebDriver.java:172)
at testBase.BaseTest.setup(BaseTest.java:61)
at java.base/jdk.internal.reflect.DirectMethodHandleAccessor.invoke(DirectMethodHandleAccessor.java:103)
at java.base/java.lang.reflect.Method.invoke(Method.java:580)
at org.testng.internal.invokers.MethodInvocationHelper.invokeMethod(MethodInvocationHelper.java:141)
at org.testng.internal.invokers.MethodInvocationHelper.invokeMethodConsideringTimeout(MethodInvocationHelper.java:71)
at org.testng.internal.invokers.ConfigInvoker.invokeConfigurationMethod(ConfigInvoker.java:400)
at org.testng.internal.invokers.ConfigInvoker.invokeConfigurations(ConfigInvoker.java:333)
at org.testng.internal.invokers.TestMethodWorker.invokeBeforeClassMethods(TestMethodWorker.java:188)
at org.testng.internal.invokers.TestMethodWorker.run(TestMethodWorker.java:128)
at java.base/java.util.ArrayList.forEach(ArrayList.java:1596)
at org.testng.TestRunner.privateRun(TestRunner.java:744)
at org.testng.TestRunner.run(TestRunner.java:616)
at org.testng.SuiteRunner.runTest(SuiteRunner.java:421)
at org.testng.SuiteRunner$SuiteWorker.run(SuiteRunner.java:463)
at org.testng.internal.thread.ThreadUtil.lambda$execute$0(ThreadUtil.java:64)
at java.base/java.util.concurrent.FutureTask.run(FutureTask.java:317)
at java.base/java.util.concurrent.ThreadPoolExecutor.runWorker(ThreadPoolExecutor.java:1144)
at java.base/java.util.concurrent.ThreadPoolExecutor$Worker.run(ThreadPoolExecutor.java:642)
at java.base/java.lang.Thread.run(Thread.java:1583)
Caused by: org.openqa.selenium.remote.http.jdk.ConnectionException: Connection error (POST http://localhost:4444/session)
at org.openqa.selenium.remote.http.jdk.JdkHttpClient.execute0(JdkHttpClient.java:487)
at org.openqa.selenium.remote.http.AddSeleniumUserAgent.lambda$apply$0(AddSeleniumUserAgent.java:46)
at org.openqa.selenium.remote.http.Filter.lambda$andFinally$0(Filter.java:55)
at org.openqa.selenium.remote.http.jdk.JdkHttpClient.lambda$executeAsync$0(JdkHttpClient.java:388)
at java.base/java.util.concurrent.Executors$RunnableAdapter.call(Executors.java:572)
... 4 more
Caused by: java.net.ConnectException
at java.net.http/jdk.internal.net.http.HttpClientImpl.send(HttpClientImpl.java:955)
at java.net.http/jdk.internal.net.http.HttpClientFacade.send(HttpClientFacade.java:133)
at org.openqa.selenium.remote.http.jdk.JdkHttpClient.execute0(JdkHttpClient.java:462)
... 8 more
Caused by: java.net.ConnectException
at java.net.http/jdk.internal.net.http.common.Utils.toConnectException(Utils.java:1065)
at java.net.http/jdk.internal.net.http.PlainHttpConnection.connectAsync(PlainHttpConnection.java:227)
at java.net.http/jdk.internal.net.http.PlainHttpConnection.checkRetryConnect(PlainHttpConnection.java:280)
at java.net.http/jdk.internal.net.http.PlainHttpConnection.lambda$connectAsync$2(PlainHttpConnection.java:238)
at java.base/java.util.concurrent.CompletableFuture.uniHandle(CompletableFuture.java:934)
at java.base/java.util.concurrent.CompletableFuture$UniHandle.tryFire(CompletableFuture.java:911)
at java.base/java.util.concurrent.CompletableFuture.postComplete(CompletableFuture.java:510)
at java.base/java.util.concurrent.CompletableFuture$AsyncSupply.run(CompletableFuture.java:1773)
... 3 more
Caused by: java.nio.channels.ClosedChannelException
at java.base/sun.nio.ch.SocketChannelImpl.ensureOpen(SocketChannelImpl.java:202)
at java.base/sun.nio.ch.SocketChannelImpl.beginConnect(SocketChannelImpl.java:786)
at java.base/sun.nio.ch.SocketChannelImpl.connect(SocketChannelImpl.java:874)
at java.net.http/jdk.internal.net.http.PlainHttpConnection.lambda$connectAsync$1(PlainHttpConnection.java:210)
at java.base/java.security.AccessController.doPrivileged(AccessController.java:571)
at java.net.http/jdk.internal.net.http.PlainHttpConnection.connectAsync(PlainHttpConnection.java:212)
... 9 more
]]>
    </error>
  </testcase> <!-- setup -->
  <testcase classname="testCases.TC001_AccountRegistration" name="setup" time="0.440">
    <error message="Could not start a new session. Possible causes are invalid address of the remote server or browser start-up failure. null 
Host info: host: &#039;RAJKUMARCOMPUTE&#039;, ip: &#039;192.168.0.102&#039;
Build info: version: &#039;4.44.0&#039;, revision: &#039;da2039b&#039;
System info: os.name: &#039;Windows 11&#039;, os.arch: &#039;amd64&#039;, os.version: &#039;10.0&#039;, java.version: &#039;21.0.10&#039;
Driver info: org.openqa.selenium.remote.RemoteWebDriver
Command: [null, newSession {capabilities=[Capabilities {browserName: edge, platformName: Windows 11}]}]
Capabilities {browserName: edge, platformName: Windows 11}" type="org.openqa.selenium.SessionNotCreatedException">
      <![CDATA[org.openqa.selenium.SessionNotCreatedException: Could not start a new session. Possible causes are invalid address of the remote server or browser start-up failure. null 
Host info: host: 'RAJKUMARCOMPUTE', ip: '192.168.0.102'
Build info: version: '4.44.0', revision: 'da2039b'
System info: os.name: 'Windows 11', os.arch: 'amd64', os.version: '10.0', java.version: '21.0.10'
Driver info: org.openqa.selenium.remote.RemoteWebDriver
Command: [null, newSession {capabilities=[Capabilities {browserName: edge, platformName: Windows 11}]}]
Capabilities {browserName: edge, platformName: Windows 11}
at org.openqa.selenium.remote.RemoteWebDriver.execute(RemoteWebDriver.java:621)
at org.openqa.selenium.remote.RemoteWebDriver.startSession(RemoteWebDriver.java:284)
at org.openqa.selenium.remote.RemoteWebDriver.<init>(RemoteWebDriver.java:217)
at org.openqa.selenium.remote.RemoteWebDriver.<init>(RemoteWebDriver.java:176)
at org.openqa.selenium.remote.RemoteWebDriver.<init>(RemoteWebDriver.java:172)
at testBase.BaseTest.setup(BaseTest.java:61)
at java.base/jdk.internal.reflect.DirectMethodHandleAccessor.invoke(DirectMethodHandleAccessor.java:103)
at java.base/java.lang.reflect.Method.invoke(Method.java:580)
at org.testng.internal.invokers.MethodInvocationHelper.invokeMethod(MethodInvocationHelper.java:141)
at org.testng.internal.invokers.MethodInvocationHelper.invokeMethodConsideringTimeout(MethodInvocationHelper.java:71)
at org.testng.internal.invokers.ConfigInvoker.invokeConfigurationMethod(ConfigInvoker.java:400)
at org.testng.internal.invokers.ConfigInvoker.invokeConfigurations(ConfigInvoker.java:333)
at org.testng.internal.invokers.TestMethodWorker.invokeBeforeClassMethods(TestMethodWorker.java:188)
at org.testng.internal.invokers.TestMethodWorker.run(TestMethodWorker.java:128)
at java.base/java.util.ArrayList.forEach(ArrayList.java:1596)
at org.testng.TestRunner.privateRun(TestRunner.java:744)
at org.testng.TestRunner.run(TestRunner.java:616)
at org.testng.SuiteRunner.runTest(SuiteRunner.java:421)
at org.testng.SuiteRunner$SuiteWorker.run(SuiteRunner.java:463)
at org.testng.internal.thread.ThreadUtil.lambda$execute$0(ThreadUtil.java:64)
at java.base/java.util.concurrent.FutureTask.run(FutureTask.java:317)
at java.base/java.util.concurrent.ThreadPoolExecutor.runWorker(ThreadPoolExecutor.java:1144)
at java.base/java.util.concurrent.ThreadPoolExecutor$Worker.run(ThreadPoolExecutor.java:642)
at java.base/java.lang.Thread.run(Thread.java:1583)
Caused by: org.openqa.selenium.remote.http.jdk.ConnectionException: Connection error (POST http://localhost:4444/session)
at org.openqa.selenium.remote.http.jdk.JdkHttpClient.execute0(JdkHttpClient.java:487)
at org.openqa.selenium.remote.http.AddSeleniumUserAgent.lambda$apply$0(AddSeleniumUserAgent.java:46)
at org.openqa.selenium.remote.http.Filter.lambda$andFinally$0(Filter.java:55)
at org.openqa.selenium.remote.http.jdk.JdkHttpClient.lambda$executeAsync$0(JdkHttpClient.java:388)
at java.base/java.util.concurrent.Executors$RunnableAdapter.call(Executors.java:572)
... 4 more
Caused by: java.net.ConnectException
at java.net.http/jdk.internal.net.http.HttpClientImpl.send(HttpClientImpl.java:955)
at java.net.http/jdk.internal.net.http.HttpClientFacade.send(HttpClientFacade.java:133)
at org.openqa.selenium.remote.http.jdk.JdkHttpClient.execute0(JdkHttpClient.java:462)
... 8 more
Caused by: java.net.ConnectException
at java.net.http/jdk.internal.net.http.common.Utils.toConnectException(Utils.java:1065)
at java.net.http/jdk.internal.net.http.PlainHttpConnection.connectAsync(PlainHttpConnection.java:227)
at java.net.http/jdk.internal.net.http.PlainHttpConnection.checkRetryConnect(PlainHttpConnection.java:280)
at java.net.http/jdk.internal.net.http.PlainHttpConnection.lambda$connectAsync$2(PlainHttpConnection.java:238)
at java.base/java.util.concurrent.CompletableFuture.uniHandle(CompletableFuture.java:934)
at java.base/java.util.concurrent.CompletableFuture$UniHandle.tryFire(CompletableFuture.java:911)
at java.base/java.util.concurrent.CompletableFuture.postComplete(CompletableFuture.java:510)
at java.base/java.util.concurrent.CompletableFuture$AsyncSupply.run(CompletableFuture.java:1773)
... 3 more
Caused by: java.nio.channels.ClosedChannelException
at java.base/sun.nio.ch.SocketChannelImpl.ensureOpen(SocketChannelImpl.java:202)
at java.base/sun.nio.ch.SocketChannelImpl.beginConnect(SocketChannelImpl.java:786)
at java.base/sun.nio.ch.SocketChannelImpl.connect(SocketChannelImpl.java:874)
at java.net.http/jdk.internal.net.http.PlainHttpConnection.lambda$connectAsync$1(PlainHttpConnection.java:210)
at java.base/java.security.AccessController.doPrivileged(AccessController.java:571)
at java.net.http/jdk.internal.net.http.PlainHttpConnection.connectAsync(PlainHttpConnection.java:212)
... 9 more
]]>
    </error>
  </testcase> <!-- setup -->
  <testcase classname="testCases.TC001_AccountRegistration" name="register_account" time="0.000">
    <skipped/>
  </testcase> <!-- register_account -->
</testsuite> <!-- testCases.TC001_AccountRegistration -->
